0 info it worked if it ends with ok
1 verbose cli [ 'C:\\Program Files\\nodejs\\node.exe',
1 verbose cli   'C:\\Program Files\\nodejs\\node_modules\\npm\\bin\\npm-cli.js',
1 verbose cli   'install',
1 verbose cli   'express@4.13.0',
1 verbose cli   'body-parserA1.13.1' ]
2 info using npm@3.7.3
3 info using node@v5.8.0
4 verbose config Skipping project config: C:\Users\User/.npmrc. (matches userconfig)
5 silly loadCurrentTree Starting
6 silly install loadCurrentTree
7 silly install readLocalPackageData
8 silly fetchPackageMetaData express@4.13.0
9 silly fetchPackageMetaData body-parserA1.13.1
10 silly fetchNamedPackageData express
11 silly mapToRegistry name express
12 silly mapToRegistry using default registry
13 silly mapToRegistry registry https://registry.npmjs.org/
14 silly mapToRegistry uri https://registry.npmjs.org/express
15 silly fetchNamedPackageData body-parserA1.13.1
16 silly mapToRegistry name body-parserA1.13.1
17 silly mapToRegistry using default registry
18 silly mapToRegistry registry https://registry.npmjs.org/
19 silly mapToRegistry uri https://registry.npmjs.org/body-parserA1.13.1
20 verbose request uri https://registry.npmjs.org/express
21 verbose request no auth needed
22 info attempt registry request try #1 at 1:36:32 PM
23 verbose request id 16d21be77854deb4
24 http request GET https://registry.npmjs.org/express
25 verbose request uri https://registry.npmjs.org/body-parserA1.13.1
26 verbose request no auth needed
27 info attempt registry request try #1 at 1:36:33 PM
28 http request GET https://registry.npmjs.org/body-parserA1.13.1
29 http 404 https://registry.npmjs.org/body-parserA1.13.1
30 verbose headers { 'content-type': 'application/json',
30 verbose headers   'cache-control': 'max-age=0',
30 verbose headers   'content-length': '2',
30 verbose headers   'accept-ranges': 'bytes',
30 verbose headers   date: 'Wed, 16 Mar 2016 17:35:10 GMT',
30 verbose headers   via: '1.1 varnish',
30 verbose headers   age: '0',
30 verbose headers   connection: 'keep-alive',
30 verbose headers   'x-served-by': 'cache-iad2121-IAD',
30 verbose headers   'x-cache': 'MISS',
30 verbose headers   'x-cache-hits': '0',
30 verbose headers   'x-timer': 'S1458149710.590803,VS0,VE21' }
31 silly get cb [ 404,
31 silly get   { 'content-type': 'application/json',
31 silly get     'cache-control': 'max-age=0',
31 silly get     'content-length': '2',
31 silly get     'accept-ranges': 'bytes',
31 silly get     date: 'Wed, 16 Mar 2016 17:35:10 GMT',
31 silly get     via: '1.1 varnish',
31 silly get     age: '0',
31 silly get     connection: 'keep-alive',
31 silly get     'x-served-by': 'cache-iad2121-IAD',
31 silly get     'x-cache': 'MISS',
31 silly get     'x-cache-hits': '0',
31 silly get     'x-timer': 'S1458149710.590803,VS0,VE21' } ]
32 silly fetchPackageMetaData Error: Registry returned 404 for GET on https://registry.npmjs.org/body-parserA1.13.1
32 silly fetchPackageMetaData     at makeError (C:\Program Files\nodejs\node_modules\npm\node_modules\npm-registry-client\lib\request.js:264:12)
32 silly fetchPackageMetaData     at CachingRegistryClient.<anonymous> (C:\Program Files\nodejs\node_modules\npm\node_modules\npm-registry-client\lib\request.js:242:14)
32 silly fetchPackageMetaData     at Request._callback (C:\Program Files\nodejs\node_modules\npm\node_modules\npm-registry-client\lib\request.js:172:14)
32 silly fetchPackageMetaData     at Request.self.callback (C:\Program Files\nodejs\node_modules\npm\node_modules\request\request.js:199:22)
32 silly fetchPackageMetaData     at emitTwo (events.js:100:13)
32 silly fetchPackageMetaData     at Request.emit (events.js:185:7)
32 silly fetchPackageMetaData     at Request.<anonymous> (C:\Program Files\nodejs\node_modules\npm\node_modules\request\request.js:1036:10)
32 silly fetchPackageMetaData     at emitOne (events.js:95:20)
32 silly fetchPackageMetaData     at Request.emit (events.js:182:7)
32 silly fetchPackageMetaData     at IncomingMessage.<anonymous> (C:\Program Files\nodejs\node_modules\npm\node_modules\request\request.js:963:12)
32 silly fetchPackageMetaData  error for body-parserA1.13.1 { [Error: Registry returned 404 for GET on https://registry.npmjs.org/body-parserA1.13.1] pkgid: 'body-parserA1.13.1', statusCode: 404, code: 'E404' }
33 http 200 https://registry.npmjs.org/express
34 verbose headers { server: 'CouchDB/1.5.0 (Erlang OTP/R16B03)',
34 verbose headers   etag: '"5UWXKADZDLN0MPCMBF8SPTGR"',
34 verbose headers   'content-type': 'application/json',
34 verbose headers   'cache-control': 'max-age=300',
34 verbose headers   'content-length': '534911',
34 verbose headers   'accept-ranges': 'bytes',
34 verbose headers   date: 'Wed, 16 Mar 2016 17:35:10 GMT',
34 verbose headers   via: '1.1 varnish',
34 verbose headers   age: '154',
34 verbose headers   connection: 'keep-alive',
34 verbose headers   'x-served-by': 'cache-iad2151-IAD',
34 verbose headers   'x-cache': 'HIT',
34 verbose headers   'x-cache-hits': '1',
34 verbose headers   'x-timer': 'S1458149710.595301,VS0,VE1',
34 verbose headers   vary: 'Accept' }
35 silly get cb [ 200,
35 silly get   { server: 'CouchDB/1.5.0 (Erlang OTP/R16B03)',
35 silly get     etag: '"5UWXKADZDLN0MPCMBF8SPTGR"',
35 silly get     'content-type': 'application/json',
35 silly get     'cache-control': 'max-age=300',
35 silly get     'content-length': '534911',
35 silly get     'accept-ranges': 'bytes',
35 silly get     date: 'Wed, 16 Mar 2016 17:35:10 GMT',
35 silly get     via: '1.1 varnish',
35 silly get     age: '154',
35 silly get     connection: 'keep-alive',
35 silly get     'x-served-by': 'cache-iad2151-IAD',
35 silly get     'x-cache': 'HIT',
35 silly get     'x-cache-hits': '1',
35 silly get     'x-timer': 'S1458149710.595301,VS0,VE1',
35 silly get     vary: 'Accept' } ]
36 verbose get saving express to C:\Users\User\AppData\Roaming\npm-cache\registry.npmjs.org\express\.cache.json
37 verbose correctMkdir C:\Users\User\AppData\Roaming\npm-cache correctMkdir not in flight; initializing
38 silly rollbackFailedOptional Starting
39 silly rollbackFailedOptional Finishing
40 silly runTopLevelLifecycles Starting
41 silly runTopLevelLifecycles Finishing
42 silly install printInstalled
43 verbose stack Error: Registry returned 404 for GET on https://registry.npmjs.org/body-parserA1.13.1
43 verbose stack     at makeError (C:\Program Files\nodejs\node_modules\npm\node_modules\npm-registry-client\lib\request.js:264:12)
43 verbose stack     at CachingRegistryClient.<anonymous> (C:\Program Files\nodejs\node_modules\npm\node_modules\npm-registry-client\lib\request.js:242:14)
43 verbose stack     at Request._callback (C:\Program Files\nodejs\node_modules\npm\node_modules\npm-registry-client\lib\request.js:172:14)
43 verbose stack     at Request.self.callback (C:\Program Files\nodejs\node_modules\npm\node_modules\request\request.js:199:22)
43 verbose stack     at emitTwo (events.js:100:13)
43 verbose stack     at Request.emit (events.js:185:7)
43 verbose stack     at Request.<anonymous> (C:\Program Files\nodejs\node_modules\npm\node_modules\request\request.js:1036:10)
43 verbose stack     at emitOne (events.js:95:20)
43 verbose stack     at Request.emit (events.js:182:7)
43 verbose stack     at IncomingMessage.<anonymous> (C:\Program Files\nodejs\node_modules\npm\node_modules\request\request.js:963:12)
44 verbose statusCode 404
45 verbose pkgid body-parserA1.13.1
46 verbose cwd C:\Users\User\Desktop\AngularJS\DemoApp
47 error Windows_NT 6.1.7601
48 error argv "C:\\Program Files\\nodejs\\node.exe" "C:\\Program Files\\nodejs\\node_modules\\npm\\bin\\npm-cli.js" "install" "express@4.13.0" "body-parserA1.13.1"
49 error node v5.8.0
50 error npm  v3.7.3
51 error code E404
52 error 404 Registry returned 404 for GET on https://registry.npmjs.org/body-parserA1.13.1
53 error 404
54 error 404 'body-parserA1.13.1' is not in the npm registry.
55 error 404 Your package name is not valid, because
56 error 404 1. name can no longer contain capital letters
57 error 404 Note that you can also install from a
58 error 404 tarball, folder, http url, or git url.
59 verbose exit [ 1, true ]
